  [1m[36m (0.9ms)[0m  [1mCREATE TABLE "authors" ("id" INTEGER PRIMARY KEY AUTOINCREMENT NOT NULL, "name" varchar, "genre" varchar, "bio" text, "created_at" datetime NOT NULL, "updated_at" datetime NOT NULL) [0m
  [1m[35m (0.6ms)[0m  CREATE TABLE "posts" ("id" INTEGER PRIMARY KEY AUTOINCREMENT NOT NULL, "title" varchar, "description" text, "created_at" datetime NOT NULL, "updated_at" datetime NOT NULL, "post_status" boolean, "author_id" integer) 
  [1m[36m (0.8ms)[0m  [1mCREATE TABLE "schema_migrations" ("version" varchar NOT NULL) [0m
  [1m[35m (0.4ms)[0m  select sqlite_version(*)
  [1m[36m (0.6ms)[0m  [1mCREATE UNIQUE INDEX "unique_schema_migrations" ON "schema_migrations" ("version")[0m
  [1m[35m (0.1ms)[0m  SELECT version FROM "schema_migrations"
  [1m[36m (0.5ms)[0m  [1mINSERT INTO "schema_migrations" (version) VALUES ('20160113011820')[0m
  [1m[35m (0.9ms)[0m  INSERT INTO "schema_migrations" (version) VALUES ('20151230232412')
  [1m[36m (0.6ms)[0m  [1mINSERT INTO "schema_migrations" (version) VALUES ('20160113011041')[0m
  [1m[35m (0.6ms)[0m  INSERT INTO "schema_migrations" (version) VALUES ('20160113011150')
  [1m[36m (0.7ms)[0m  [1mCREATE TABLE "authors" ("id" INTEGER PRIMARY KEY AUTOINCREMENT NOT NULL, "name" varchar, "genre" varchar, "bio" text, "created_at" datetime NOT NULL, "updated_at" datetime NOT NULL) [0m
  [1m[35m (0.6ms)[0m  CREATE TABLE "posts" ("id" INTEGER PRIMARY KEY AUTOINCREMENT NOT NULL, "title" varchar, "description" text, "created_at" datetime NOT NULL, "updated_at" datetime NOT NULL, "post_status" boolean, "author_id" integer) 
  [1m[36m (0.6ms)[0m  [1mCREATE TABLE "schema_migrations" ("version" varchar NOT NULL) [0m
  [1m[35m (0.0ms)[0m  select sqlite_version(*)
  [1m[36m (0.6ms)[0m  [1mCREATE UNIQUE INDEX "unique_schema_migrations" ON "schema_migrations" ("version")[0m
  [1m[35m (0.1ms)[0m  SELECT version FROM "schema_migrations"
  [1m[36m (0.6ms)[0m  [1mINSERT INTO "schema_migrations" (version) VALUES ('20160113011820')[0m
  [1m[35m (0.7ms)[0m  INSERT INTO "schema_migrations" (version) VALUES ('20151230232412')
  [1m[36m (0.6ms)[0m  [1mINSERT INTO "schema_migrations" (version) VALUES ('20160113011041')[0m
  [1m[35m (0.6ms)[0m  INSERT INTO "schema_migrations" (version) VALUES ('20160113011150')
  [1m[36mActiveRecord::SchemaMigration Load (0.1ms)[0m  [1mSELECT "schema_migrations".* FROM "schema_migrations"[0m
  [1m[36m (0.1ms)[0m  [1mbegin transaction[0m
  [1m[35m (0.1ms)[0m  rollback transaction
  [1m[36m (0.1ms)[0m  [1mbegin transaction[0m
  [1m[35mSQL (0.4ms)[0m  INSERT INTO "posts" ("title", "description", "created_at", "updated_at") VALUES (?, ?, ?, ?)  [["title", "Testing"], ["description", "testing"], ["created_at", "2016-01-26 15:06:03.106369"], ["updated_at", "2016-01-26 15:06:03.106369"]]
  [1m[36m (0.7ms)[0m  [1mcommit transaction[0m
  [1m[35m (2.6ms)[0m  [1m[35mCREATE TABLE "ar_internal_metadata" ("key" varchar NOT NULL PRIMARY KEY, "value" varchar, "created_at" datetime NOT NULL, "updated_at" datetime NOT NULL)[0m
  [1m[36mActiveRecord::SchemaMigration Load (0.4ms)[0m  [1m[34mSELECT "schema_migrations".* FROM "schema_migrations"[0m
  [1m[36mActiveRecord::InternalMetadata Load (0.2ms)[0m  [1m[34mSELECT  "ar_internal_metadata".* FROM "ar_internal_metadata" WHERE "ar_internal_metadata"."key" = ? LIMIT ?[0m  [["key", "environment"], ["LIMIT", 1]]
  [1m[35m (0.0ms)[0m  [1m[36mbegin transaction[0m
  [1m[35mSQL (0.7ms)[0m  [1m[32mINSERT INTO "ar_internal_metadata" ("key", "value", "created_at", "updated_at") VALUES (?, ?, ?, ?)[0m  [["key", "environment"], ["value", "development"], ["created_at", "2021-07-20 21:31:54.692468"], ["updated_at", "2021-07-20 21:31:54.692468"]]
  [1m[35m (1.8ms)[0m  [1m[36mcommit transaction[0m
  [1m[36mActiveRecord::SchemaMigration Load (0.2ms)[0m  [1m[34mSELECT "schema_migrations".* FROM "schema_migrations"[0m
Started GET "/posts/new" for 127.0.0.1 at 2021-07-20 17:39:16 -0400
  [1m[36mActiveRecord::SchemaMigration Load (0.2ms)[0m  [1m[34mSELECT "schema_migrations".* FROM "schema_migrations"[0m
Processing by PostsController#new as HTML
  Rendering posts/new.html.erb within layouts/application
  Rendered posts/new.html.erb within layouts/application (73.4ms)
Completed 200 OK in 959ms (Views: 913.9ms | ActiveRecord: 0.8ms)


Started POST "/posts" for 127.0.0.1 at 2021-07-20 17:47:49 -0400
Processing by PostsController#create as HTML
  Parameters: {"utf8"=>"✓", "authenticity_token"=>"g5jHrwhzNsMS9mC6yjMOyQTpJpRGeWb+a6pYFCGKnjS08IN79f8QbQ1f8E4CNce/I9VRwdNN8GR6Vqcv7N9nAQ==", "post"=>{"title"=>"rawr", "description"=>"I am the rawr king"}, "commit"=>"Create Post"}
Completed 500 Internal Server Error in 3ms (ActiveRecord: 0.0ms)


  
ActiveModel::ForbiddenAttributesError (ActiveModel::ForbiddenAttributesError):
  
app/controllers/posts_controller.rb:15:in `create'
  Rendering /home/yatsun/.rvm/gems/ruby-2.6.1/gems/actionpack-5.0.7.1/lib/action_dispatch/middleware/templates/rescues/diagnostics.html.erb within rescues/layout
  Rendering /home/yatsun/.rvm/gems/ruby-2.6.1/gems/actionpack-5.0.7.1/lib/action_dispatch/middleware/templates/rescues/_source.html.erb
  Rendered /home/yatsun/.rvm/gems/ruby-2.6.1/gems/actionpack-5.0.7.1/lib/action_dispatch/middleware/templates/rescues/_source.html.erb (1.8ms)
  Rendering /home/yatsun/.rvm/gems/ruby-2.6.1/gems/actionpack-5.0.7.1/lib/action_dispatch/middleware/templates/rescues/_trace.html.erb
  Rendered /home/yatsun/.rvm/gems/ruby-2.6.1/gems/actionpack-5.0.7.1/lib/action_dispatch/middleware/templates/rescues/_trace.html.erb (0.9ms)
  Rendering /home/yatsun/.rvm/gems/ruby-2.6.1/gems/actionpack-5.0.7.1/lib/action_dispatch/middleware/templates/rescues/_request_and_response.html.erb
  Rendered /home/yatsun/.rvm/gems/ruby-2.6.1/gems/actionpack-5.0.7.1/lib/action_dispatch/middleware/templates/rescues/_request_and_response.html.erb (0.7ms)
  Rendered /home/yatsun/.rvm/gems/ruby-2.6.1/gems/actionpack-5.0.7.1/lib/action_dispatch/middleware/templates/rescues/diagnostics.html.erb within rescues/layout (127.5ms)
DEPRECATION WARNING: Accessing mime types via constants is deprecated. Please change `Mime::HTML` to `Mime[:html]`. (called from acceptable_content_type? at /home/yatsun/.rvm/gems/ruby-2.6.1/gems/web-console-2.3.0/lib/web_console/middleware.rb:58)
  Rendering /home/yatsun/.rvm/gems/ruby-2.6.1/gems/web-console-2.3.0/lib/web_console/templates/index.html.erb
  Rendered /home/yatsun/.rvm/gems/ruby-2.6.1/gems/web-console-2.3.0/lib/web_console/templates/_markup.html.erb (0.3ms)
  Rendering /home/yatsun/.rvm/gems/ruby-2.6.1/gems/web-console-2.3.0/lib/web_console/templates/console.js.erb within layouts/javascript
  Rendering /home/yatsun/.rvm/gems/ruby-2.6.1/gems/web-console-2.3.0/lib/web_console/templates/_inner_console_markup.html.erb within layouts/inlined_string
  Rendered /home/yatsun/.rvm/gems/ruby-2.6.1/gems/web-console-2.3.0/lib/web_console/templates/_inner_console_markup.html.erb within layouts/inlined_string (0.2ms)
  Rendering /home/yatsun/.rvm/gems/ruby-2.6.1/gems/web-console-2.3.0/lib/web_console/templates/_prompt_box_markup.html.erb within layouts/inlined_string
  Rendered /home/yatsun/.rvm/gems/ruby-2.6.1/gems/web-console-2.3.0/lib/web_console/templates/_prompt_box_markup.html.erb within layouts/inlined_string (0.2ms)
  Rendering /home/yatsun/.rvm/gems/ruby-2.6.1/gems/web-console-2.3.0/lib/web_console/templates/style.css.erb within layouts/inlined_string
  Rendered /home/yatsun/.rvm/gems/ruby-2.6.1/gems/web-console-2.3.0/lib/web_console/templates/style.css.erb within layouts/inlined_string (0.2ms)
DEPRECATION WARNING: Accessing mime types via constants is deprecated. Please change `Mime::WEB_CONSOLE_V2` to `Mime[:web_console_v2]`. (called from __home_yatsun__rvm_gems_ruby_______gems_web_console_______lib_web_console_templates_console_js_erb__4143851114089661101_70304197356160 at /home/yatsun/.rvm/gems/ruby-2.6.1/gems/web-console-2.3.0/lib/web_console/templates/console.js.erb:491)
  Rendered /home/yatsun/.rvm/gems/ruby-2.6.1/gems/web-console-2.3.0/lib/web_console/templates/console.js.erb within layouts/javascript (65.0ms)
  Rendering /home/yatsun/.rvm/gems/ruby-2.6.1/gems/web-console-2.3.0/lib/web_console/templates/main.js.erb within layouts/javascript
  Rendered /home/yatsun/.rvm/gems/ruby-2.6.1/gems/web-console-2.3.0/lib/web_console/templates/main.js.erb within layouts/javascript (0.2ms)
  Rendering /home/yatsun/.rvm/gems/ruby-2.6.1/gems/web-console-2.3.0/lib/web_console/templates/error_page.js.erb within layouts/javascript
  Rendered /home/yatsun/.rvm/gems/ruby-2.6.1/gems/web-console-2.3.0/lib/web_console/templates/error_page.js.erb within layouts/javascript (0.4ms)
  Rendered /home/yatsun/.rvm/gems/ruby-2.6.1/gems/web-console-2.3.0/lib/web_console/templates/index.html.erb (160.8ms)
Started GET "/posts/new" for 127.0.0.1 at 2021-07-21 00:12:05 -0400
  [1m[36mActiveRecord::SchemaMigration Load (0.2ms)[0m  [1m[34mSELECT "schema_migrations".* FROM "schema_migrations"[0m
Processing by PostsController#new as HTML
  Rendering posts/new.html.erb within layouts/application
  Rendered posts/new.html.erb within layouts/application (89.4ms)
Completed 200 OK in 623ms (Views: 572.3ms | ActiveRecord: 0.9ms)


Started POST "/posts" for 127.0.0.1 at 2021-07-21 00:12:21 -0400
Processing by PostsController#create as HTML
  Parameters: {"utf8"=>"✓", "authenticity_token"=>"Gl5Q6vGQTIONYDVN4An5qefrFQx+bMWsU86G8ZWwIBstNhQ+DBxqLZLJpbkoDzDfwNdiWetYUzZCMnnKWOXZLg==", "post"=>{"title"=>"gao", "description"=>"gao gao gao"}, "commit"=>"Create Post"}
Completed 500 Internal Server Error in 1ms (ActiveRecord: 0.0ms)


  
ActiveModel::ForbiddenAttributesError (ActiveModel::ForbiddenAttributesError):
  
app/controllers/posts_controller.rb:15:in `create'
  Rendering /home/yatsun/.rvm/gems/ruby-2.6.1/gems/actionpack-5.0.7.1/lib/action_dispatch/middleware/templates/rescues/diagnostics.html.erb within rescues/layout
  Rendering /home/yatsun/.rvm/gems/ruby-2.6.1/gems/actionpack-5.0.7.1/lib/action_dispatch/middleware/templates/rescues/_source.html.erb
  Rendered /home/yatsun/.rvm/gems/ruby-2.6.1/gems/actionpack-5.0.7.1/lib/action_dispatch/middleware/templates/rescues/_source.html.erb (3.4ms)
  Rendering /home/yatsun/.rvm/gems/ruby-2.6.1/gems/actionpack-5.0.7.1/lib/action_dispatch/middleware/templates/rescues/_trace.html.erb
  Rendered /home/yatsun/.rvm/gems/ruby-2.6.1/gems/actionpack-5.0.7.1/lib/action_dispatch/middleware/templates/rescues/_trace.html.erb (2.4ms)
  Rendering /home/yatsun/.rvm/gems/ruby-2.6.1/gems/actionpack-5.0.7.1/lib/action_dispatch/middleware/templates/rescues/_request_and_response.html.erb
  Rendered /home/yatsun/.rvm/gems/ruby-2.6.1/gems/actionpack-5.0.7.1/lib/action_dispatch/middleware/templates/rescues/_request_and_response.html.erb (2.3ms)
  Rendered /home/yatsun/.rvm/gems/ruby-2.6.1/gems/actionpack-5.0.7.1/lib/action_dispatch/middleware/templates/rescues/diagnostics.html.erb within rescues/layout (141.5ms)
DEPRECATION WARNING: Accessing mime types via constants is deprecated. Please change `Mime::HTML` to `Mime[:html]`. (called from acceptable_content_type? at /home/yatsun/.rvm/gems/ruby-2.6.1/gems/web-console-2.3.0/lib/web_console/middleware.rb:58)
  Rendering /home/yatsun/.rvm/gems/ruby-2.6.1/gems/web-console-2.3.0/lib/web_console/templates/index.html.erb
  Rendered /home/yatsun/.rvm/gems/ruby-2.6.1/gems/web-console-2.3.0/lib/web_console/templates/_markup.html.erb (1.0ms)
  Rendering /home/yatsun/.rvm/gems/ruby-2.6.1/gems/web-console-2.3.0/lib/web_console/templates/console.js.erb within layouts/javascript
  Rendering /home/yatsun/.rvm/gems/ruby-2.6.1/gems/web-console-2.3.0/lib/web_console/templates/_inner_console_markup.html.erb within layouts/inlined_string
  Rendered /home/yatsun/.rvm/gems/ruby-2.6.1/gems/web-console-2.3.0/lib/web_console/templates/_inner_console_markup.html.erb within layouts/inlined_string (0.4ms)
  Rendering /home/yatsun/.rvm/gems/ruby-2.6.1/gems/web-console-2.3.0/lib/web_console/templates/_prompt_box_markup.html.erb within layouts/inlined_string
  Rendered /home/yatsun/.rvm/gems/ruby-2.6.1/gems/web-console-2.3.0/lib/web_console/templates/_prompt_box_markup.html.erb within layouts/inlined_string (1.5ms)
  Rendering /home/yatsun/.rvm/gems/ruby-2.6.1/gems/web-console-2.3.0/lib/web_console/templates/style.css.erb within layouts/inlined_string
  Rendered /home/yatsun/.rvm/gems/ruby-2.6.1/gems/web-console-2.3.0/lib/web_console/templates/style.css.erb within layouts/inlined_string (0.3ms)
DEPRECATION WARNING: Accessing mime types via constants is deprecated. Please change `Mime::WEB_CONSOLE_V2` to `Mime[:web_console_v2]`. (called from __home_yatsun__rvm_gems_ruby_______gems_web_console_______lib_web_console_templates_console_js_erb__4079295252877906173_70360905676460 at /home/yatsun/.rvm/gems/ruby-2.6.1/gems/web-console-2.3.0/lib/web_console/templates/console.js.erb:491)
  Rendered /home/yatsun/.rvm/gems/ruby-2.6.1/gems/web-console-2.3.0/lib/web_console/templates/console.js.erb within layouts/javascript (72.4ms)
  Rendering /home/yatsun/.rvm/gems/ruby-2.6.1/gems/web-console-2.3.0/lib/web_console/templates/main.js.erb within layouts/javascript
  Rendered /home/yatsun/.rvm/gems/ruby-2.6.1/gems/web-console-2.3.0/lib/web_console/templates/main.js.erb within layouts/javascript (0.8ms)
  Rendering /home/yatsun/.rvm/gems/ruby-2.6.1/gems/web-console-2.3.0/lib/web_console/templates/error_page.js.erb within layouts/javascript
  Rendered /home/yatsun/.rvm/gems/ruby-2.6.1/gems/web-console-2.3.0/lib/web_console/templates/error_page.js.erb within layouts/javascript (0.4ms)
  Rendered /home/yatsun/.rvm/gems/ruby-2.6.1/gems/web-console-2.3.0/lib/web_console/templates/index.html.erb (178.7ms)
Started GET "/posts/new" for 127.0.0.1 at 2021-07-21 00:51:09 -0400
Processing by PostsController#new as HTML
  Rendering posts/new.html.erb within layouts/application
  Rendered posts/new.html.erb within layouts/application (2.0ms)
Completed 200 OK in 54ms (Views: 32.3ms | ActiveRecord: 2.3ms)


Started POST "/posts" for 127.0.0.1 at 2021-07-21 00:51:14 -0400
Processing by PostsController#create as HTML
  Parameters: {"utf8"=>"✓", "authenticity_token"=>"vZvXM4VCG2i2uvErcwnC8CJzAT6QHhPIcbfji06BZluK85PneM49xqkTYd+7DwuGBU92awUqhVJgSxywg9Sfbg==", "post"=>{"title"=>"aaaaa", "description"=>"aaaaahhhh"}, "commit"=>"Create Post"}
Completed 500 Internal Server Error in 1ms (ActiveRecord: 0.0ms)


  
ActiveModel::ForbiddenAttributesError (ActiveModel::ForbiddenAttributesError):
  
app/controllers/posts_controller.rb:15:in `create'
  Rendering /home/yatsun/.rvm/gems/ruby-2.6.1/gems/actionpack-5.0.7.1/lib/action_dispatch/middleware/templates/rescues/diagnostics.html.erb within rescues/layout
  Rendering /home/yatsun/.rvm/gems/ruby-2.6.1/gems/actionpack-5.0.7.1/lib/action_dispatch/middleware/templates/rescues/_source.html.erb
  Rendered /home/yatsun/.rvm/gems/ruby-2.6.1/gems/actionpack-5.0.7.1/lib/action_dispatch/middleware/templates/rescues/_source.html.erb (1.9ms)
  Rendering /home/yatsun/.rvm/gems/ruby-2.6.1/gems/actionpack-5.0.7.1/lib/action_dispatch/middleware/templates/rescues/_trace.html.erb
  Rendered /home/yatsun/.rvm/gems/ruby-2.6.1/gems/actionpack-5.0.7.1/lib/action_dispatch/middleware/templates/rescues/_trace.html.erb (1.6ms)
  Rendering /home/yatsun/.rvm/gems/ruby-2.6.1/gems/actionpack-5.0.7.1/lib/action_dispatch/middleware/templates/rescues/_request_and_response.html.erb
  Rendered /home/yatsun/.rvm/gems/ruby-2.6.1/gems/actionpack-5.0.7.1/lib/action_dispatch/middleware/templates/rescues/_request_and_response.html.erb (1.2ms)
  Rendered /home/yatsun/.rvm/gems/ruby-2.6.1/gems/actionpack-5.0.7.1/lib/action_dispatch/middleware/templates/rescues/diagnostics.html.erb within rescues/layout (51.3ms)
DEPRECATION WARNING: Accessing mime types via constants is deprecated. Please change `Mime::HTML` to `Mime[:html]`. (called from acceptable_content_type? at /home/yatsun/.rvm/gems/ruby-2.6.1/gems/web-console-2.3.0/lib/web_console/middleware.rb:58)
  Rendering /home/yatsun/.rvm/gems/ruby-2.6.1/gems/web-console-2.3.0/lib/web_console/templates/index.html.erb
  Rendered /home/yatsun/.rvm/gems/ruby-2.6.1/gems/web-console-2.3.0/lib/web_console/templates/_markup.html.erb (0.2ms)
  Rendering /home/yatsun/.rvm/gems/ruby-2.6.1/gems/web-console-2.3.0/lib/web_console/templates/console.js.erb within layouts/javascript
  Rendering /home/yatsun/.rvm/gems/ruby-2.6.1/gems/web-console-2.3.0/lib/web_console/templates/_inner_console_markup.html.erb within layouts/inlined_string
  Rendered /home/yatsun/.rvm/gems/ruby-2.6.1/gems/web-console-2.3.0/lib/web_console/templates/_inner_console_markup.html.erb within layouts/inlined_string (0.3ms)
  Rendering /home/yatsun/.rvm/gems/ruby-2.6.1/gems/web-console-2.3.0/lib/web_console/templates/_prompt_box_markup.html.erb within layouts/inlined_string
  Rendered /home/yatsun/.rvm/gems/ruby-2.6.1/gems/web-console-2.3.0/lib/web_console/templates/_prompt_box_markup.html.erb within layouts/inlined_string (0.3ms)
  Rendering /home/yatsun/.rvm/gems/ruby-2.6.1/gems/web-console-2.3.0/lib/web_console/templates/style.css.erb within layouts/inlined_string
  Rendered /home/yatsun/.rvm/gems/ruby-2.6.1/gems/web-console-2.3.0/lib/web_console/templates/style.css.erb within layouts/inlined_string (0.3ms)
DEPRECATION WARNING: Accessing mime types via constants is deprecated. Please change `Mime::WEB_CONSOLE_V2` to `Mime[:web_console_v2]`. (called from __home_yatsun__rvm_gems_ruby_______gems_web_console_______lib_web_console_templates_console_js_erb__4079295252877906173_70360908050660 at /home/yatsun/.rvm/gems/ruby-2.6.1/gems/web-console-2.3.0/lib/web_console/templates/console.js.erb:491)
  Rendered /home/yatsun/.rvm/gems/ruby-2.6.1/gems/web-console-2.3.0/lib/web_console/templates/console.js.erb within layouts/javascript (48.2ms)
  Rendering /home/yatsun/.rvm/gems/ruby-2.6.1/gems/web-console-2.3.0/lib/web_console/templates/main.js.erb within layouts/javascript
  Rendered /home/yatsun/.rvm/gems/ruby-2.6.1/gems/web-console-2.3.0/lib/web_console/templates/main.js.erb within layouts/javascript (0.2ms)
  Rendering /home/yatsun/.rvm/gems/ruby-2.6.1/gems/web-console-2.3.0/lib/web_console/templates/error_page.js.erb within layouts/javascript
  Rendered /home/yatsun/.rvm/gems/ruby-2.6.1/gems/web-console-2.3.0/lib/web_console/templates/error_page.js.erb within layouts/javascript (0.5ms)
  Rendered /home/yatsun/.rvm/gems/ruby-2.6.1/gems/web-console-2.3.0/lib/web_console/templates/index.html.erb (107.0ms)
Started GET "/posts" for 127.0.0.1 at 2021-07-21 00:52:49 -0400
  [1m[36mActiveRecord::SchemaMigration Load (0.2ms)[0m  [1m[34mSELECT "schema_migrations".* FROM "schema_migrations"[0m
Processing by PostsController#index as HTML
  Rendering posts/index.html.erb within layouts/application
  [1m[36mPost Load (0.3ms)[0m  [1m[34mSELECT "posts".* FROM "posts"[0m
  Rendered posts/index.html.erb within layouts/application (15.4ms)
Completed 200 OK in 253ms (Views: 232.5ms | ActiveRecord: 1.2ms)


Started GET "/posts/new" for 127.0.0.1 at 2021-07-21 00:52:54 -0400
Processing by PostsController#new as HTML
  Rendering posts/new.html.erb within layouts/application
  Rendered posts/new.html.erb within layouts/application (24.8ms)
Completed 200 OK in 43ms (Views: 41.1ms | ActiveRecord: 0.0ms)


Started POST "/posts" for 127.0.0.1 at 2021-07-21 00:53:01 -0400
Processing by PostsController#create as HTML
  Parameters: {"utf8"=>"✓", "authenticity_token"=>"rYuW3egoWEXFCy6CGYjRzSxS7sEmxZTZcLEa/lMLHmCa49IJFaR+69qivnbRjhi7C26ZlLPxAkNhTeXFnl7nVQ==", "post"=>{"title"=>"ah ha ha ha", "description"=>"ha ha?"}, "commit"=>"Create Post"}
Completed 500 Internal Server Error in 1ms (ActiveRecord: 0.0ms)


  
ActiveModel::ForbiddenAttributesError (ActiveModel::ForbiddenAttributesError):
  
app/controllers/posts_controller.rb:15:in `create'
  Rendering /home/yatsun/.rvm/gems/ruby-2.6.1/gems/actionpack-5.0.7.1/lib/action_dispatch/middleware/templates/rescues/diagnostics.html.erb within rescues/layout
  Rendering /home/yatsun/.rvm/gems/ruby-2.6.1/gems/actionpack-5.0.7.1/lib/action_dispatch/middleware/templates/rescues/_source.html.erb
  Rendered /home/yatsun/.rvm/gems/ruby-2.6.1/gems/actionpack-5.0.7.1/lib/action_dispatch/middleware/templates/rescues/_source.html.erb (2.2ms)
  Rendering /home/yatsun/.rvm/gems/ruby-2.6.1/gems/actionpack-5.0.7.1/lib/action_dispatch/middleware/templates/rescues/_trace.html.erb
  Rendered /home/yatsun/.rvm/gems/ruby-2.6.1/gems/actionpack-5.0.7.1/lib/action_dispatch/middleware/templates/rescues/_trace.html.erb (0.8ms)
  Rendering /home/yatsun/.rvm/gems/ruby-2.6.1/gems/actionpack-5.0.7.1/lib/action_dispatch/middleware/templates/rescues/_request_and_response.html.erb
  Rendered /home/yatsun/.rvm/gems/ruby-2.6.1/gems/actionpack-5.0.7.1/lib/action_dispatch/middleware/templates/rescues/_request_and_response.html.erb (1.1ms)
  Rendered /home/yatsun/.rvm/gems/ruby-2.6.1/gems/actionpack-5.0.7.1/lib/action_dispatch/middleware/templates/rescues/diagnostics.html.erb within rescues/layout (50.3ms)
DEPRECATION WARNING: Accessing mime types via constants is deprecated. Please change `Mime::HTML` to `Mime[:html]`. (called from acceptable_content_type? at /home/yatsun/.rvm/gems/ruby-2.6.1/gems/web-console-2.3.0/lib/web_console/middleware.rb:58)
  Rendering /home/yatsun/.rvm/gems/ruby-2.6.1/gems/web-console-2.3.0/lib/web_console/templates/index.html.erb
  Rendered /home/yatsun/.rvm/gems/ruby-2.6.1/gems/web-console-2.3.0/lib/web_console/templates/_markup.html.erb (0.2ms)
  Rendering /home/yatsun/.rvm/gems/ruby-2.6.1/gems/web-console-2.3.0/lib/web_console/templates/console.js.erb within layouts/javascript
  Rendering /home/yatsun/.rvm/gems/ruby-2.6.1/gems/web-console-2.3.0/lib/web_console/templates/_inner_console_markup.html.erb within layouts/inlined_string
  Rendered /home/yatsun/.rvm/gems/ruby-2.6.1/gems/web-console-2.3.0/lib/web_console/templates/_inner_console_markup.html.erb within layouts/inlined_string (0.3ms)
  Rendering /home/yatsun/.rvm/gems/ruby-2.6.1/gems/web-console-2.3.0/lib/web_console/templates/_prompt_box_markup.html.erb within layouts/inlined_string
  Rendered /home/yatsun/.rvm/gems/ruby-2.6.1/gems/web-console-2.3.0/lib/web_console/templates/_prompt_box_markup.html.erb within layouts/inlined_string (0.7ms)
  Rendering /home/yatsun/.rvm/gems/ruby-2.6.1/gems/web-console-2.3.0/lib/web_console/templates/style.css.erb within layouts/inlined_string
  Rendered /home/yatsun/.rvm/gems/ruby-2.6.1/gems/web-console-2.3.0/lib/web_console/templates/style.css.erb within layouts/inlined_string (0.2ms)
DEPRECATION WARNING: Accessing mime types via constants is deprecated. Please change `Mime::WEB_CONSOLE_V2` to `Mime[:web_console_v2]`. (called from __home_yatsun__rvm_gems_ruby_______gems_web_console_______lib_web_console_templates_console_js_erb__3614931746140504150_69904598218480 at /home/yatsun/.rvm/gems/ruby-2.6.1/gems/web-console-2.3.0/lib/web_console/templates/console.js.erb:491)
  Rendered /home/yatsun/.rvm/gems/ruby-2.6.1/gems/web-console-2.3.0/lib/web_console/templates/console.js.erb within layouts/javascript (48.7ms)
  Rendering /home/yatsun/.rvm/gems/ruby-2.6.1/gems/web-console-2.3.0/lib/web_console/templates/main.js.erb within layouts/javascript
  Rendered /home/yatsun/.rvm/gems/ruby-2.6.1/gems/web-console-2.3.0/lib/web_console/templates/main.js.erb within layouts/javascript (0.2ms)
  Rendering /home/yatsun/.rvm/gems/ruby-2.6.1/gems/web-console-2.3.0/lib/web_console/templates/error_page.js.erb within layouts/javascript
  Rendered /home/yatsun/.rvm/gems/ruby-2.6.1/gems/web-console-2.3.0/lib/web_console/templates/error_page.js.erb within layouts/javascript (0.5ms)
  Rendered /home/yatsun/.rvm/gems/ruby-2.6.1/gems/web-console-2.3.0/lib/web_console/templates/index.html.erb (111.8ms)
